<?xml version="1.0" encoding="UTF-8"?>
<testsuite name="com.userregistration.UserValidationTest" tests="1" skipped="0" failures="0" errors="0" timestamp="2021-06-08T13:34:12" hostname="MOONLIGHT" time="0.037">
  <properties/>
  <testcase name="givenNullShouldReturnPleaseEnteredValidPassword()" classname="com.userregistration.UserValidationTest" time="0.037"/>
  <system-out><![CDATA[com.userregistration.UserValidationException: Please enter the correct password
]]></system-out>
  <system-err><![CDATA[]]></system-err>
</testsuite>
