<?xml version="1.0" encoding="UTF-8"?>
<testsuite name="com.userregistration.UserValidationTest" tests="1" skipped="0" failures="0" errors="0" timestamp="2021-05-31T18:24:07" hostname="MOONLIGHT" time="0.027">
  <properties/>
  <testcase name="givenFirstName_LastNameWhenProperShouldReturnTrue()" classname="com.userregistration.UserValidationTest" time="0.027"/>
  <system-out><![CDATA[]]></system-out>
  <system-err><![CDATA[]]></system-err>
</testsuite>
